<?xml version="1.0" encoding="UTF-8"?>
<!-- Generated by org.testng.reporters.JUnitReportReporter -->
<testsuite skipped="0" hostname="DESKTOP-MSQGFI6" name="com.customer.search.application.CustomersSearchApplication.CustomerTestCases" tests="5" failures="0" timestamp="2020-04-03T20:58:12 IST" time="3.101" errors="0">
  <testcase name="recordsOfAllCutomers" time="0.476" classname="com.customer.search.application.CustomersSearchApplication.CustomerTestCases"/>
  <testcase name="authenication" time="1.803" classname="com.customer.search.application.CustomersSearchApplication.CustomerTestCases"/>
  <testcase name="userWithPhoneNumber" time="0.273" classname="com.customer.search.application.CustomersSearchApplication.CustomerTestCases"/>
  <testcase name="userWithPhoneNumber" time="0.274" classname="com.customer.search.application.CustomersSearchApplication.CustomerTestCases"/>
  <testcase name="userWithPhoneNumber" time="0.275" classname="com.customer.search.application.CustomersSearchApplication.CustomerTestCases"/>
</testsuite> <!-- com.customer.search.application.CustomersSearchApplication.CustomerTestCases -->
